/!\ FAILSAFE /!\  Wed Apr 07 12:14:55 +0100 2010
  Status: 500 Internal Server Error
  FATAL:  database "scdclient_development" does not exist

    /Library/Ruby/Gems/1.8/gems/activerecord-2.3.5/lib/active_record/connection_adapters/postgresql_adapter.rb:968:in `initialize'
    /Library/Ruby/Gems/1.8/gems/activerecord-2.3.5/lib/active_record/connection_adapters/postgresql_adapter.rb:968:in `connect'
    /Library/Ruby/Gems/1.8/gems/activerecord-2.3.5/lib/active_record/connection_adapters/postgresql_adapter.rb:968:in `connect'
    /Library/Ruby/Gems/1.8/gems/activerecord-2.3.5/lib/active_record/connection_adapters/postgresql_adapter.rb:217:in `initialize'
    /Library/Ruby/Gems/1.8/gems/activerecord-2.3.5/lib/active_record/connection_adapters/postgresql_adapter.rb:37:in `new'
    /Library/Ruby/Gems/1.8/gems/activerecord-2.3.5/lib/active_record/connection_adapters/postgresql_adapter.rb:37:in `postgresql_connection'
    /Library/Ruby/Gems/1.8/gems/activerecord-2.3.5/lib/active_record/connection_adapters/abstract/connection_pool.rb:223:in `send'
    /Library/Ruby/Gems/1.8/gems/activerecord-2.3.5/lib/active_record/connection_adapters/abstract/connection_pool.rb:223:in `new_connection'
    /Library/Ruby/Gems/1.8/gems/activerecord-2.3.5/lib/active_record/connection_adapters/abstract/connection_pool.rb:245:in `checkout_new_connection'
    /Library/Ruby/Gems/1.8/gems/activerecord-2.3.5/lib/active_record/connection_adapters/abstract/connection_pool.rb:188:in `checkout'
    /Library/Ruby/Gems/1.8/gems/activerecord-2.3.5/lib/active_record/connection_adapters/abstract/connection_pool.rb:184:in `loop'
    /Library/Ruby/Gems/1.8/gems/activerecord-2.3.5/lib/active_record/connection_adapters/abstract/connection_pool.rb:184:in `checkout'
    /System/Library/Frameworks/Ruby.framework/Versions/1.8/usr/lib/ruby/1.8/monitor.rb:242:in `synchronize'
    /Library/Ruby/Gems/1.8/gems/activerecord-2.3.5/lib/active_record/connection_adapters/abstract/connection_pool.rb:183:in `checkout'
    /Library/Ruby/Gems/1.8/gems/activerecord-2.3.5/lib/active_record/connection_adapters/abstract/connection_pool.rb:98:in `connection'
    /Library/Ruby/Gems/1.8/gems/activerecord-2.3.5/lib/active_record/connection_adapters/abstract/connection_pool.rb:326:in `retrieve_connection'
    /Library/Ruby/Gems/1.8/gems/activerecord-2.3.5/lib/active_record/connection_adapters/abstract/connection_specification.rb:123:in `retrieve_connection'
    /Library/Ruby/Gems/1.8/gems/activerecord-2.3.5/lib/active_record/connection_adapters/abstract/connection_specification.rb:115:in `connection'
    /Library/Ruby/Gems/1.8/gems/activerecord-2.3.5/lib/active_record/query_cache.rb:9:in `cache'
    /Library/Ruby/Gems/1.8/gems/activerecord-2.3.5/lib/active_record/query_cache.rb:28:in `call'
    /Library/Ruby/Gems/1.8/gems/activerecord-2.3.5/lib/active_record/connection_adapters/abstract/connection_pool.rb:361:in `call'
    /Library/Ruby/Gems/1.8/gems/actionpack-2.3.5/lib/action_controller/string_coercion.rb:25:in `call'
    /Library/Ruby/Gems/1.8/gems/rack-1.0.1/lib/rack/head.rb:9:in `call'
    /Library/Ruby/Gems/1.8/gems/rack-1.0.1/lib/rack/methodoverride.rb:24:in `call'
    /Library/Ruby/Gems/1.8/gems/actionpack-2.3.5/lib/action_controller/params_parser.rb:15:in `call'
    /Library/Ruby/Gems/1.8/gems/actionpack-2.3.5/lib/action_controller/session/cookie_store.rb:93:in `call'
    /Library/Ruby/Gems/1.8/gems/actionpack-2.3.5/lib/action_controller/failsafe.rb:26:in `call'
    /Library/Ruby/Gems/1.8/gems/rack-1.0.1/lib/rack/lock.rb:11:in `call'
    /Library/Ruby/Gems/1.8/gems/rack-1.0.1/lib/rack/lock.rb:11:in `synchronize'
    /Library/Ruby/Gems/1.8/gems/rack-1.0.1/lib/rack/lock.rb:11:in `call'
    /Library/Ruby/Gems/1.8/gems/actionpack-2.3.5/lib/action_controller/dispatcher.rb:114:in `call'
    /Library/Ruby/Gems/1.8/gems/actionpack-2.3.5/lib/action_controller/reloader.rb:34:in `run'
    /Library/Ruby/Gems/1.8/gems/actionpack-2.3.5/lib/action_controller/dispatcher.rb:108:in `call'
    /Library/Ruby/Gems/1.8/gems/rails-2.3.5/lib/rails/rack/static.rb:31:in `call'
    /Library/Ruby/Gems/1.8/gems/rack-1.0.1/lib/rack/urlmap.rb:46:in `call'
    /Library/Ruby/Gems/1.8/gems/rack-1.0.1/lib/rack/urlmap.rb:40:in `each'
    /Library/Ruby/Gems/1.8/gems/rack-1.0.1/lib/rack/urlmap.rb:40:in `call'
    /Library/Ruby/Gems/1.8/gems/rails-2.3.5/lib/rails/rack/log_tailer.rb:17:in `call'
    /Library/Ruby/Gems/1.8/gems/rack-1.0.1/lib/rack/content_length.rb:13:in `call'
    /Library/Ruby/Gems/1.8/gems/rack-1.0.1/lib/rack/chunked.rb:15:in `call'
    /Library/Ruby/Gems/1.8/gems/rack-1.0.1/lib/rack/handler/mongrel.rb:64:in `process'
    /System/Library/Frameworks/Ruby.framework/Versions/1.8/usr/lib/ruby/gems/1.8/gems/mongrel-1.1.5/lib/mongrel.rb:159:in `process_client'
    /System/Library/Frameworks/Ruby.framework/Versions/1.8/usr/lib/ruby/gems/1.8/gems/mongrel-1.1.5/lib/mongrel.rb:158:in `each'
    /System/Library/Frameworks/Ruby.framework/Versions/1.8/usr/lib/ruby/gems/1.8/gems/mongrel-1.1.5/lib/mongrel.rb:158:in `process_client'
    /System/Library/Frameworks/Ruby.framework/Versions/1.8/usr/lib/ruby/gems/1.8/gems/mongrel-1.1.5/lib/mongrel.rb:285:in `run'
    /System/Library/Frameworks/Ruby.framework/Versions/1.8/usr/lib/ruby/gems/1.8/gems/mongrel-1.1.5/lib/mongrel.rb:285:in `initialize'
    /System/Library/Frameworks/Ruby.framework/Versions/1.8/usr/lib/ruby/gems/1.8/gems/mongrel-1.1.5/lib/mongrel.rb:285:in `new'
    /System/Library/Frameworks/Ruby.framework/Versions/1.8/usr/lib/ruby/gems/1.8/gems/mongrel-1.1.5/lib/mongrel.rb:285:in `run'
    /System/Library/Frameworks/Ruby.framework/Versions/1.8/usr/lib/ruby/gems/1.8/gems/mongrel-1.1.5/lib/mongrel.rb:268:in `initialize'
    /System/Library/Frameworks/Ruby.framework/Versions/1.8/usr/lib/ruby/gems/1.8/gems/mongrel-1.1.5/lib/mongrel.rb:268:in `new'
    /System/Library/Frameworks/Ruby.framework/Versions/1.8/usr/lib/ruby/gems/1.8/gems/mongrel-1.1.5/lib/mongrel.rb:268:in `run'
    /Library/Ruby/Gems/1.8/gems/rack-1.0.1/lib/rack/handler/mongrel.rb:34:in `run'
    /Library/Ruby/Gems/1.8/gems/rails-2.3.5/lib/commands/server.rb:111
    /Library/Ruby/Site/1.8/rubygems/custom_require.rb:31:in `gem_original_require'
    /Library/Ruby/Site/1.8/rubygems/custom_require.rb:31:in `require'
    script/server:3
  [4;36;1mSQL (0.1ms)[0m   [0;1mSET client_min_messages TO 'panic'[0m
  [4;35;1mSQL (0.1ms)[0m   [0mSET client_min_messages TO 'notice'[0m


Processing Rails::InfoController#properties (for 127.0.0.1 at 2010-04-07 12:15:51) [GET]
Completed in 37ms (View: 3, DB: 0) | 200 OK [http://localhost/rails/info/properties]
  [4;36;1mSQL (0.1ms)[0m   [0;1mSET client_min_messages TO 'panic'[0m
  [4;35;1mSQL (0.1ms)[0m   [0mSET client_min_messages TO 'notice'[0m


Processing HomeController#index (for 127.0.0.1 at 2010-04-07 12:37:12) [GET]
Rendering template within layouts/application
Rendering home/index
Completed in 26ms (View: 25, DB: 0) | 200 OK [http://localhost/]
  [4;36;1mSQL (0.1ms)[0m   [0;1mSET client_min_messages TO 'panic'[0m
  [4;35;1mSQL (0.1ms)[0m   [0mSET client_min_messages TO 'notice'[0m


Processing HomeController#index (for 127.0.0.1 at 2010-04-07 12:45:11) [GET]
Rendering template within layouts/application
Rendering home/index

ActionView::TemplateError (undefined local variable or method `current_user' for #<ActionView::Base:0x10062dc10>) on line #20 of app/views/layouts/application.html.erb:
17:          <div class="container">
18: 
19:             <!---<div id="user_nav">
20:               <% if current_user %>
21:                 <%= link_to "Edit Profile", edit_user_path %>
22:                 <%= link_to "Logout", logout_path %>
23:               <% else %>

    app/views/layouts/application.html.erb:20

Rendered rescues/_trace (40.3ms)
Rendered rescues/_request_and_response (2.9ms)
Rendering rescues/layout (internal_server_error)
  [4;36;1mSQL (0.1ms)[0m   [0;1mSET client_min_messages TO 'panic'[0m
  [4;35;1mSQL (0.1ms)[0m   [0mSET client_min_messages TO 'notice'[0m


Processing HomeController#index (for 127.0.0.1 at 2010-04-07 12:53:11) [GET]
Rendering template within layouts/application
Rendering home/index

ActionView::TemplateError (undefined local variable or method `current_user' for #<ActionView::Base:0x1015c9b60>) on line #20 of app/views/layouts/application.html.erb:
17:          <div class="container">
18: 
19:             <!---<div id="user_nav">
20:                 #<% if current_user %>
21:                 #<%= link_to "Edit Profile", edit_user_path %>
22:                 #<%= link_to "Logout", logout_path %>
23:               #<% else %>

    app/views/layouts/application.html.erb:20

Rendered rescues/_trace (111.8ms)
Rendered rescues/_request_and_response (0.3ms)
Rendering rescues/layout (internal_server_error)
  [4;36;1mSQL (0.1ms)[0m   [0;1mSET client_min_messages TO 'panic'[0m
  [4;35;1mSQL (0.1ms)[0m   [0mSET client_min_messages TO 'notice'[0m


Processing HomeController#index (for 127.0.0.1 at 2010-04-07 12:53:12) [GET]
Rendering template within layouts/application
Rendering home/index

ActionView::TemplateError (undefined local variable or method `current_user' for #<ActionView::Base:0x101df81b0>) on line #20 of app/views/layouts/application.html.erb:
17:          <div class="container">
18: 
19:             <!---<div id="user_nav">
20:                 #<% if current_user %>
21:                 #<%= link_to "Edit Profile", edit_user_path %>
22:                 #<%= link_to "Logout", logout_path %>
23:               #<% else %>

    app/views/layouts/application.html.erb:20

Rendered rescues/_trace (88.9ms)
Rendered rescues/_request_and_response (0.2ms)
Rendering rescues/layout (internal_server_error)
  [4;36;1mSQL (0.1ms)[0m   [0;1mSET client_min_messages TO 'panic'[0m
  [4;35;1mSQL (0.1ms)[0m   [0mSET client_min_messages TO 'notice'[0m


Processing HomeController#index (for 127.0.0.1 at 2010-04-07 12:53:14) [GET]
Rendering template within layouts/application
Rendering home/index

ActionView::TemplateError (undefined local variable or method `current_user' for #<ActionView::Base:0x1021be678>) on line #20 of app/views/layouts/application.html.erb:
17:          <div class="container">
18: 
19:             <!---<div id="user_nav">
20:                 #<% if current_user %>
21:                 #<%= link_to "Edit Profile", edit_user_path %>
22:                 #<%= link_to "Logout", logout_path %>
23:               #<% else %>

    app/views/layouts/application.html.erb:20

Rendered rescues/_trace (49.4ms)
Rendered rescues/_request_and_response (0.2ms)
Rendering rescues/layout (internal_server_error)
  [4;36;1mSQL (0.1ms)[0m   [0;1mSET client_min_messages TO 'panic'[0m
  [4;35;1mSQL (0.1ms)[0m   [0mSET client_min_messages TO 'notice'[0m


Processing HomeController#index (for 127.0.0.1 at 2010-04-07 12:53:14) [GET]
Rendering template within layouts/application
Rendering home/index

ActionView::TemplateError (undefined local variable or method `current_user' for #<ActionView::Base:0x1010ecca0>) on line #20 of app/views/layouts/application.html.erb:
17:          <div class="container">
18: 
19:             <!---<div id="user_nav">
20:                 #<% if current_user %>
21:                 #<%= link_to "Edit Profile", edit_user_path %>
22:                 #<%= link_to "Logout", logout_path %>
23:               #<% else %>

    app/views/layouts/application.html.erb:20

Rendered rescues/_trace (37.2ms)
Rendered rescues/_request_and_response (0.3ms)
Rendering rescues/layout (internal_server_error)
  [4;36;1mSQL (0.1ms)[0m   [0;1mSET client_min_messages TO 'panic'[0m
  [4;35;1mSQL (0.0ms)[0m   [0mSET client_min_messages TO 'notice'[0m


Processing HomeController#index (for 127.0.0.1 at 2010-04-07 12:53:14) [GET]
Rendering template within layouts/application
Rendering home/index

ActionView::TemplateError (undefined local variable or method `current_user' for #<ActionView::Base:0x10185a2f8>) on line #20 of app/views/layouts/application.html.erb:
17:          <div class="container">
18: 
19:             <!---<div id="user_nav">
20:                 #<% if current_user %>
21:                 #<%= link_to "Edit Profile", edit_user_path %>
22:                 #<%= link_to "Logout", logout_path %>
23:               #<% else %>

    app/views/layouts/application.html.erb:20

Rendered rescues/_trace (91.9ms)
Rendered rescues/_request_and_response (0.2ms)
Rendering rescues/layout (internal_server_error)
  [4;36;1mSQL (0.1ms)[0m   [0;1mSET client_min_messages TO 'panic'[0m
  [4;35;1mSQL (0.1ms)[0m   [0mSET client_min_messages TO 'notice'[0m


Processing HomeController#index (for 127.0.0.1 at 2010-04-07 12:53:14) [GET]
Rendering template within layouts/application
Rendering home/index

ActionView::TemplateError (undefined local variable or method `current_user' for #<ActionView::Base:0x102046408>) on line #20 of app/views/layouts/application.html.erb:
17:          <div class="container">
18: 
19:             <!---<div id="user_nav">
20:                 #<% if current_user %>
21:                 #<%= link_to "Edit Profile", edit_user_path %>
22:                 #<%= link_to "Logout", logout_path %>
23:               #<% else %>

    app/views/layouts/application.html.erb:20

Rendered rescues/_trace (41.0ms)
Rendered rescues/_request_and_response (0.3ms)
Rendering rescues/layout (internal_server_error)
  [4;36;1mSQL (0.1ms)[0m   [0;1mSET client_min_messages TO 'panic'[0m
  [4;35;1mSQL (0.1ms)[0m   [0mSET client_min_messages TO 'notice'[0m


Processing HomeController#index (for 127.0.0.1 at 2010-04-07 12:53:15) [GET]
Rendering template within layouts/application
Rendering home/index

ActionView::TemplateError (undefined local variable or method `current_user' for #<ActionView::Base:0x100547558>) on line #20 of app/views/layouts/application.html.erb:
17:          <div class="container">
18: 
19:             <!---<div id="user_nav">
20:                 #<% if current_user %>
21:                 #<%= link_to "Edit Profile", edit_user_path %>
22:                 #<%= link_to "Logout", logout_path %>
23:               #<% else %>

    app/views/layouts/application.html.erb:20

Rendered rescues/_trace (38.0ms)
Rendered rescues/_request_and_response (0.3ms)
Rendering rescues/layout (internal_server_error)
  [4;36;1mSQL (0.1ms)[0m   [0;1mSET client_min_messages TO 'panic'[0m
  [4;35;1mSQL (0.1ms)[0m   [0mSET client_min_messages TO 'notice'[0m


Processing HomeController#index (for 127.0.0.1 at 2010-04-07 12:53:15) [GET]
Rendering template within layouts/application
Rendering home/index

ActionView::TemplateError (undefined local variable or method `current_user' for #<ActionView::Base:0x1016d9f28>) on line #20 of app/views/layouts/application.html.erb:
17:          <div class="container">
18: 
19:             <!---<div id="user_nav">
20:                 #<% if current_user %>
21:                 #<%= link_to "Edit Profile", edit_user_path %>
22:                 #<%= link_to "Logout", logout_path %>
23:               #<% else %>

    app/views/layouts/application.html.erb:20

Rendered rescues/_trace (93.9ms)
Rendered rescues/_request_and_response (0.3ms)
Rendering rescues/layout (internal_server_error)
  [4;36;1mSQL (0.1ms)[0m   [0;1mSET client_min_messages TO 'panic'[0m
  [4;35;1mSQL (0.1ms)[0m   [0mSET client_min_messages TO 'notice'[0m


Processing HomeController#index (for 127.0.0.1 at 2010-04-07 12:53:15) [GET]
Rendering template within layouts/application
Rendering home/index

ActionView::TemplateError (undefined local variable or method `current_user' for #<ActionView::Base:0x101f45e50>) on line #20 of app/views/layouts/application.html.erb:
17:          <div class="container">
18: 
19:             <!---<div id="user_nav">
20:                 #<% if current_user %>
21:                 #<%= link_to "Edit Profile", edit_user_path %>
22:                 #<%= link_to "Logout", logout_path %>
23:               #<% else %>

    app/views/layouts/application.html.erb:20

Rendered rescues/_trace (36.6ms)
Rendered rescues/_request_and_response (0.2ms)
Rendering rescues/layout (internal_server_error)
  [4;36;1mSQL (0.1ms)[0m   [0;1mSET client_min_messages TO 'panic'[0m
  [4;35;1mSQL (0.1ms)[0m   [0mSET client_min_messages TO 'notice'[0m


Processing HomeController#index (for 127.0.0.1 at 2010-04-07 12:55:56) [GET]
Rendering template within layouts/application
Rendering home/index
Completed in 8ms (View: 7, DB: 0) | 200 OK [http://localhost/]
  [4;36;1mSQL (0.1ms)[0m   [0;1mSET client_min_messages TO 'panic'[0m
  [4;35;1mSQL (0.1ms)[0m   [0mSET client_min_messages TO 'notice'[0m


Processing HomeController#index (for 127.0.0.1 at 2010-04-07 12:56:52) [GET]
Rendering template within layouts/application
Rendering home/index
Completed in 6ms (View: 5, DB: 0) | 200 OK [http://localhost/home]
  [4;36;1mSQL (0.1ms)[0m   [0;1mSET client_min_messages TO 'panic'[0m
  [4;35;1mSQL (0.1ms)[0m   [0mSET client_min_messages TO 'notice'[0m


Processing HomeController#index (for 127.0.0.1 at 2010-04-07 12:58:18) [GET]
Rendering template within layouts/application
Rendering home/index
Completed in 13ms (View: 12, DB: 0) | 200 OK [http://localhost/home]
  [4;36;1mSQL (0.1ms)[0m   [0;1mSET client_min_messages TO 'panic'[0m
  [4;35;1mSQL (0.6ms)[0m   [0mSET client_min_messages TO 'notice'[0m


Processing HomeController#index (for 127.0.0.1 at 2010-04-07 12:58:19) [GET]
Rendering template within layouts/application
Rendering home/index
Completed in 6ms (View: 4, DB: 1) | 200 OK [http://localhost/home]
  [4;36;1mSQL (0.1ms)[0m   [0;1mSET client_min_messages TO 'panic'[0m
  [4;35;1mSQL (0.1ms)[0m   [0mSET client_min_messages TO 'notice'[0m


Processing HomeController#index (for 127.0.0.1 at 2010-04-07 12:58:39) [GET]
Rendering template within layouts/application
Rendering home/index
Completed in 4ms (View: 3, DB: 0) | 200 OK [http://localhost/home]
  [4;36;1mSQL (0.1ms)[0m   [0;1mSET client_min_messages TO 'panic'[0m
  [4;35;1mSQL (0.1ms)[0m   [0mSET client_min_messages TO 'notice'[0m


Processing HomeController#index (for 127.0.0.1 at 2010-04-07 13:00:51) [GET]
Rendering template within layouts/application
Rendering home/index
Completed in 4ms (View: 2, DB: 0) | 200 OK [http://localhost/home]
  [4;36;1mSQL (0.1ms)[0m   [0;1mSET client_min_messages TO 'panic'[0m
  [4;35;1mSQL (0.1ms)[0m   [0mSET client_min_messages TO 'notice'[0m


Processing HomeController#index (for 127.0.0.1 at 2010-04-07 13:01:09) [GET]
Rendering template within layouts/application
Rendering home/index
Completed in 14ms (View: 12, DB: 0) | 200 OK [http://localhost/home]
  [4;36;1mSQL (0.1ms)[0m   [0;1mSET client_min_messages TO 'panic'[0m
  [4;35;1mSQL (0.1ms)[0m   [0mSET client_min_messages TO 'notice'[0m


Processing HomeController#index (for 127.0.0.1 at 2010-04-07 13:01:45) [GET]
Rendering template within layouts/application
Rendering home/index
Completed in 14ms (View: 13, DB: 0) | 200 OK [http://localhost/home]
  [4;36;1mSQL (0.1ms)[0m   [0;1mSET client_min_messages TO 'panic'[0m
  [4;35;1mSQL (0.1ms)[0m   [0mSET client_min_messages TO 'notice'[0m


Processing HomeController#index (for 127.0.0.1 at 2010-04-07 13:10:02) [GET]
Rendering template within layouts/application
Rendering home/index
Completed in 5ms (View: 4, DB: 0) | 200 OK [http://localhost/home]
  [4;36;1mSQL (0.1ms)[0m   [0;1mSET client_min_messages TO 'panic'[0m
  [4;35;1mSQL (0.2ms)[0m   [0mSET client_min_messages TO 'notice'[0m


Processing ApplicationController#index (for 127.0.0.1 at 2010-04-07 13:10:04) [GET]

ActionController::RoutingError (No route matches "/stylesheets/..imagesheader_bg.png" with {:method=>:get}):
  

Rendering rescues/layout (not_found)
  [4;36;1mSQL (0.1ms)[0m   [0;1mSET client_min_messages TO 'panic'[0m
  [4;35;1mSQL (0.1ms)[0m   [0mSET client_min_messages TO 'notice'[0m


Processing HomeController#index (for 127.0.0.1 at 2010-04-07 13:10:05) [GET]
Rendering template within layouts/application
Rendering home/index
Completed in 4ms (View: 2, DB: 0) | 200 OK [http://localhost/home]
  [4;36;1mSQL (0.2ms)[0m   [0;1mSET client_min_messages TO 'panic'[0m
  [4;35;1mSQL (0.1ms)[0m   [0mSET client_min_messages TO 'notice'[0m


Processing ApplicationController#index (for 127.0.0.1 at 2010-04-07 13:10:05) [GET]

ActionController::RoutingError (No route matches "/stylesheets/..imagesheader_bg.png" with {:method=>:get}):
  

Rendering rescues/layout (not_found)
  [4;36;1mSQL (0.1ms)[0m   [0;1mSET client_min_messages TO 'panic'[0m
  [4;35;1mSQL (0.1ms)[0m   [0mSET client_min_messages TO 'notice'[0m


Processing HomeController#index (for 127.0.0.1 at 2010-04-07 13:10:55) [GET]
Rendering template within layouts/application
Rendering home/index
Completed in 4ms (View: 2, DB: 0) | 200 OK [http://localhost/home]
  [4;36;1mSQL (0.1ms)[0m   [0;1mSET client_min_messages TO 'panic'[0m
  [4;35;1mSQL (0.1ms)[0m   [0mSET client_min_messages TO 'notice'[0m


Processing ApplicationController#index (for 127.0.0.1 at 2010-04-07 13:10:56) [GET]

ActionController::RoutingError (No route matches "/stylesheets/..imagesheader_bg.png" with {:method=>:get}):
  

Rendering rescues/layout (not_found)
  [4;36;1mSQL (0.1ms)[0m   [0;1mSET client_min_messages TO 'panic'[0m
  [4;35;1mSQL (0.1ms)[0m   [0mSET client_min_messages TO 'notice'[0m


Processing HomeController#index (for 127.0.0.1 at 2010-04-07 13:10:57) [GET]
Rendering template within layouts/application
Rendering home/index
Completed in 4ms (View: 3, DB: 0) | 200 OK [http://localhost/home]
  [4;36;1mSQL (0.1ms)[0m   [0;1mSET client_min_messages TO 'panic'[0m
  [4;35;1mSQL (0.1ms)[0m   [0mSET client_min_messages TO 'notice'[0m


Processing ApplicationController#index (for 127.0.0.1 at 2010-04-07 13:10:57) [GET]

ActionController::RoutingError (No route matches "/stylesheets/..imagesheader_bg.png" with {:method=>:get}):
  

Rendering rescues/layout (not_found)
  [4;36;1mSQL (0.1ms)[0m   [0;1mSET client_min_messages TO 'panic'[0m
  [4;35;1mSQL (0.1ms)[0m   [0mSET client_min_messages TO 'notice'[0m


Processing HomeController#index (for 127.0.0.1 at 2010-04-07 13:11:00) [GET]
Rendering template within layouts/application
Rendering home/index
Completed in 4ms (View: 2, DB: 0) | 200 OK [http://localhost/home]
  [4;36;1mSQL (0.5ms)[0m   [0;1mSET client_min_messages TO 'panic'[0m
  [4;35;1mSQL (1.7ms)[0m   [0mSET client_min_messages TO 'notice'[0m


Processing ApplicationController#index (for 127.0.0.1 at 2010-04-07 13:11:00) [GET]

ActionController::RoutingError (No route matches "/stylesheets/..imagesheader_bg.png" with {:method=>:get}):
  

Rendering rescues/layout (not_found)
  [4;36;1mSQL (0.1ms)[0m   [0;1mSET client_min_messages TO 'panic'[0m
  [4;35;1mSQL (0.5ms)[0m   [0mSET client_min_messages TO 'notice'[0m


Processing ApplicationController#index (for 127.0.0.1 at 2010-04-07 13:11:04) [GET]

ActionController::RoutingError (No route matches "/stylesheets/..imagesheader_bg.png" with {:method=>:get}):
  

Rendering rescues/layout (not_found)
  [4;36;1mSQL (0.1ms)[0m   [0;1mSET client_min_messages TO 'panic'[0m
  [4;35;1mSQL (0.1ms)[0m   [0mSET client_min_messages TO 'notice'[0m


Processing HomeController#index (for 127.0.0.1 at 2010-04-07 13:12:32) [GET]
Rendering template within layouts/application
Rendering home/index
Completed in 6ms (View: 4, DB: 0) | 200 OK [http://localhost/home]
  [4;36;1mSQL (0.1ms)[0m   [0;1mSET client_min_messages TO 'panic'[0m
  [4;35;1mSQL (0.1ms)[0m   [0mSET client_min_messages TO 'notice'[0m


Processing ApplicationController#index (for 127.0.0.1 at 2010-04-07 13:12:33) [GET]

ActionController::RoutingError (No route matches "/images/header_bg.png" with {:method=>:get}):
  

Rendering rescues/layout (not_found)
  [4;36;1mSQL (0.1ms)[0m   [0;1mSET client_min_messages TO 'panic'[0m
  [4;35;1mSQL (3.9ms)[0m   [0mSET client_min_messages TO 'notice'[0m


Processing HomeController#index (for 127.0.0.1 at 2010-04-07 13:12:34) [GET]
Rendering template within layouts/application
Rendering home/index
Completed in 4ms (View: 2, DB: 4) | 200 OK [http://localhost/home]
  [4;36;1mSQL (0.1ms)[0m   [0;1mSET client_min_messages TO 'panic'[0m
  [4;35;1mSQL (0.1ms)[0m   [0mSET client_min_messages TO 'notice'[0m


Processing ApplicationController#index (for 127.0.0.1 at 2010-04-07 13:12:34) [GET]

ActionController::RoutingError (No route matches "/images/header_bg.png" with {:method=>:get}):
  

Rendering rescues/layout (not_found)
  [4;36;1mSQL (1.6ms)[0m   [0;1mSET client_min_messages TO 'panic'[0m
  [4;35;1mSQL (0.1ms)[0m   [0mSET client_min_messages TO 'notice'[0m


Processing HomeController#index (for 127.0.0.1 at 2010-04-07 13:12:55) [GET]
Rendering template within layouts/application
Rendering home/index
Completed in 4ms (View: 3, DB: 2) | 200 OK [http://localhost/home]
  [4;36;1mSQL (0.1ms)[0m   [0;1mSET client_min_messages TO 'panic'[0m
  [4;35;1mSQL (5.6ms)[0m   [0mSET client_min_messages TO 'notice'[0m


Processing HomeController#index (for 127.0.0.1 at 2010-04-07 13:12:57) [GET]
Rendering template within layouts/application
Rendering home/index
Completed in 4ms (View: 2, DB: 6) | 200 OK [http://localhost/home]
  [4;36;1mSQL (0.1ms)[0m   [0;1mSET client_min_messages TO 'panic'[0m
  [4;35;1mSQL (0.1ms)[0m   [0mSET client_min_messages TO 'notice'[0m


Processing HomeController#index (for 127.0.0.1 at 2010-04-07 13:12:57) [GET]
Rendering template within layouts/application
Rendering home/index
Completed in 4ms (View: 3, DB: 0) | 200 OK [http://localhost/home]
  [4;36;1mSQL (0.1ms)[0m   [0;1mSET client_min_messages TO 'panic'[0m
  [4;35;1mSQL (0.1ms)[0m   [0mSET client_min_messages TO 'notice'[0m


Processing HomeController#index (for 127.0.0.1 at 2010-04-07 13:12:58) [GET]
Rendering template within layouts/application
Rendering home/index
Completed in 4ms (View: 2, DB: 0) | 200 OK [http://localhost/home]
  [4;36;1mSQL (0.1ms)[0m   [0;1mSET client_min_messages TO 'panic'[0m
  [4;35;1mSQL (0.1ms)[0m   [0mSET client_min_messages TO 'notice'[0m


Processing HomeController#index (for 127.0.0.1 at 2010-04-07 13:12:59) [GET]
Rendering template within layouts/application
Rendering home/index
Completed in 4ms (View: 3, DB: 0) | 200 OK [http://localhost/home]
  [4;36;1mSQL (0.1ms)[0m   [0;1mSET client_min_messages TO 'panic'[0m
  [4;35;1mSQL (0.1ms)[0m   [0mSET client_min_messages TO 'notice'[0m


Processing HomeController#index (for 127.0.0.1 at 2010-04-07 13:13:00) [GET]
Rendering template within layouts/application
Rendering home/index
Completed in 7ms (View: 5, DB: 0) | 200 OK [http://localhost/home]
  [4;36;1mSQL (0.2ms)[0m   [0;1mSET client_min_messages TO 'panic'[0m
  [4;35;1mSQL (0.1ms)[0m   [0mSET client_min_messages TO 'notice'[0m


Processing HomeController#index (for 127.0.0.1 at 2010-04-07 13:13:21) [GET]
Rendering template within layouts/application
Rendering home/index
Completed in 4ms (View: 3, DB: 0) | 200 OK [http://localhost/home]
  [4;36;1mSQL (0.1ms)[0m   [0;1mSET client_min_messages TO 'panic'[0m
  [4;35;1mSQL (0.1ms)[0m   [0mSET client_min_messages TO 'notice'[0m


Processing HomeController#index (for 127.0.0.1 at 2010-04-07 13:13:44) [GET]
Rendering template within layouts/application
Rendering home/index
Completed in 5ms (View: 3, DB: 0) | 200 OK [http://localhost/home]
  [4;36;1mSQL (0.1ms)[0m   [0;1mSET client_min_messages TO 'panic'[0m
  [4;35;1mSQL (0.1ms)[0m   [0mSET client_min_messages TO 'notice'[0m


Processing HomeController#index (for 127.0.0.1 at 2010-04-07 13:34:33) [GET]
Rendering template within layouts/application
Rendering home/index
Completed in 4ms (View: 3, DB: 0) | 200 OK [http://localhost/home]
  [4;36;1mSQL (0.1ms)[0m   [0;1mSET client_min_messages TO 'panic'[0m
  [4;35;1mSQL (0.1ms)[0m   [0mSET client_min_messages TO 'notice'[0m


Processing HomeController#index (for 127.0.0.1 at 2010-04-07 13:36:14) [GET]
Rendering template within layouts/application
Rendering home/index
Completed in 5ms (View: 4, DB: 0) | 200 OK [http://localhost/home]
  [4;36;1mSQL (0.1ms)[0m   [0;1mSET client_min_messages TO 'panic'[0m
  [4;35;1mSQL (0.1ms)[0m   [0mSET client_min_messages TO 'notice'[0m


Processing HomeController#index (for 127.0.0.1 at 2010-04-07 13:36:16) [GET]
Rendering template within layouts/application
Rendering home/index
Completed in 3ms (View: 2, DB: 0) | 200 OK [http://localhost/home]
  [4;36;1mSQL (0.1ms)[0m   [0;1mSET client_min_messages TO 'panic'[0m
  [4;35;1mSQL (0.1ms)[0m   [0mSET client_min_messages TO 'notice'[0m


Processing HomeController#index (for 127.0.0.1 at 2010-04-07 13:36:43) [GET]
Rendering template within layouts/application
Rendering home/index
Completed in 4ms (View: 3, DB: 0) | 200 OK [http://localhost/home]
  [4;36;1mSQL (0.1ms)[0m   [0;1mSET client_min_messages TO 'panic'[0m
  [4;35;1mSQL (0.1ms)[0m   [0mSET client_min_messages TO 'notice'[0m


Processing HomeController#index (for 127.0.0.1 at 2010-04-07 13:39:29) [GET]
Rendering template within layouts/application
Rendering home/index
Completed in 5ms (View: 3, DB: 0) | 200 OK [http://localhost/home]
  [4;36;1mSQL (0.1ms)[0m   [0;1mSET client_min_messages TO 'panic'[0m
  [4;35;1mSQL (0.1ms)[0m   [0mSET client_min_messages TO 'notice'[0m


Processing HomeController#index (for 127.0.0.1 at 2010-04-07 13:39:39) [GET]
Rendering template within layouts/application
Rendering home/index
Completed in 4ms (View: 2, DB: 0) | 200 OK [http://localhost/home]
  [4;36;1mSQL (0.1ms)[0m   [0;1mSET client_min_messages TO 'panic'[0m
  [4;35;1mSQL (0.1ms)[0m   [0mSET client_min_messages TO 'notice'[0m


Processing HomeController#index (for 127.0.0.1 at 2010-04-07 14:01:38) [GET]
Rendering template within layouts/application
Rendering home/index
Completed in 5ms (View: 4, DB: 0) | 200 OK [http://localhost/]
  [4;36;1mSQL (0.1ms)[0m   [0;1mSET client_min_messages TO 'panic'[0m
  [4;35;1mSQL (0.1ms)[0m   [0mSET client_min_messages TO 'notice'[0m


Processing HomeController#index (for 127.0.0.1 at 2010-04-07 14:02:01) [GET]
Rendering template within layouts/application
Rendering home/index
Completed in 4ms (View: 3, DB: 0) | 200 OK [http://localhost/]
  [4;36;1mSQL (0.1ms)[0m   [0;1mSET client_min_messages TO 'panic'[0m
  [4;35;1mSQL (0.1ms)[0m   [0mSET client_min_messages TO 'notice'[0m


Processing HomeController#index (for 127.0.0.1 at 2010-04-07 14:03:24) [GET]
Rendering template within layouts/application
Rendering home/index
Completed in 4ms (View: 3, DB: 0) | 200 OK [http://localhost/]
  [4;36;1mSQL (0.1ms)[0m   [0;1mSET client_min_messages TO 'panic'[0m
  [4;35;1mSQL (0.1ms)[0m   [0mSET client_min_messages TO 'notice'[0m


Processing HomeController#index (for 127.0.0.1 at 2010-04-07 14:03:55) [GET]
Rendering template within layouts/application
Rendering home/index
Completed in 4ms (View: 3, DB: 0) | 200 OK [http://localhost/]
  [4;36;1mSQL (0.1ms)[0m   [0;1mSET client_min_messages TO 'panic'[0m
  [4;35;1mSQL (0.1ms)[0m   [0mSET client_min_messages TO 'notice'[0m


Processing HomeController#index (for 127.0.0.1 at 2010-04-07 14:05:00) [GET]
Rendering template within layouts/application
Rendering home/index
Completed in 3ms (View: 2, DB: 0) | 200 OK [http://localhost/]
  [4;36;1mSQL (0.1ms)[0m   [0;1mSET client_min_messages TO 'panic'[0m
  [4;35;1mSQL (0.6ms)[0m   [0mSET client_min_messages TO 'notice'[0m


Processing HomeController#index (for 127.0.0.1 at 2010-04-07 14:09:03) [GET]
Rendering template within layouts/application
Rendering home/index
Completed in 5ms (View: 4, DB: 1) | 200 OK [http://localhost/]
